GROUP,PACKAGE,CLASS,INSTRUCTION_MISSED,INSTRUCTION_COVERED,BRANCH_MISSED,BRANCH_COVERED,LINE_MISSED,LINE_COVERED,COMPLEXITY_MISSED,COMPLEXITY_COVERED,METHOD_MISSED,METHOD_COVERED
practica5,problem.definition,Problem.ProblemType,0,15,0,0,0,1,0,1,0,1
practica5,problem.definition,Operator,0,3,0,0,0,1,0,1,0,1
practica5,problem.definition,Problem,46,99,5,5,11,27,10,14,5,14
practica5,problem.definition,ObjetiveFunction,0,17,0,0,0,7,0,5,0,5
practica5,problem.definition,Codification,0,3,0,0,0,1,0,1,0,1
practica5,problem.definition,State,37,186,5,21,7,41,5,23,0,15
practica5,problem_operators,MutationOperator,2,42,0,2,1,13,1,3,1,2
practica5,problem.extension,MultiObjetivoPuro,0,82,0,8,0,15,0,6,0,2
practica5,problem.extension,FactoresPonderados,0,158,0,8,0,21,0,6,0,2
practica5,problem.extension,TypeSolutionMethod,0,15,0,0,0,2,0,1,0,1
practica5,problem.extension,SolutionMethod,0,3,0,0,0,1,0,1,0,1
practica5,problem.extension,MetricasMultiobjetivo,0,372,2,42,0,83,2,28,0,8
practica5,metaheurictics.strategy,Strategy,412,777,45,57,77,152,37,44,4,26
practica5,metaheurictics.strategy,Strategy.new PrivilegedAction() {...},15,0,0,0,3,0,2,0,2,0
practica5,metaheuristics.generators,HillClimbingRestart,112,176,15,9,22,35,21,9,10,8
practica5,metaheuristics.generators,TabuSearch,71,222,22,10,15,53,18,16,2,16
practica5,metaheuristics.generators,LimitThreshold,34,154,3,7,12,34,11,12,8,10
practica5,metaheuristics.generators,InstanceGA,12,49,1,3,5,16,2,5,1,4
practica5,metaheuristics.generators,HillClimbing,42,195,9,13,10,38,15,14,7,11
practica5,metaheuristics.generators,LimitRoulette,0,24,0,0,0,10,0,7,0,7
practica5,metaheuristics.generators,InstanceDE,10,51,0,4,4,17,1,6,1,4
practica5,metaheuristics.generators,MultiobjectiveHillClimbingDistance,122,368,21,21,31,80,24,19,10,12
practica5,metaheuristics.generators,Generator,0,3,0,0,0,1,0,1,0,1
practica5,metaheuristics.generators,EvolutionStrategies,112,352,21,23,16,65,22,21,5,16
practica5,metaheuristics.generators,Particle,125,209,6,8,20,43,18,12,12,11
practica5,metaheuristics.generators,ParticleSwarmOptimization,402,409,38,40,69,89,38,42,13,28
practica5,metaheuristics.generators,InstanceEE,8,53,1,3,3,18,1,6,0,5
practica5,metaheuristics.generators,SimulatedAnnealing,27,198,5,5,8,48,11,16,6,16
practica5,metaheuristics.generators,MultiGenerator,245,474,36,36,54,109,35,34,11,22
practica5,metaheuristics.generators,GeneticAlgorithm,141,390,23,23,20,71,25,19,7,14
practica5,metaheuristics.generators,MultiCaseSimulatedAnnealing,29,202,4,6,11,48,13,14,9,13
practica5,metaheuristics.generators,MultiobjectiveTabuSearch,66,208,16,14,20,50,19,16,7,13
practica5,metaheuristics.generators,MultiobjectiveHillClimbingRestart,68,260,12,14,20,58,19,13,9,10
practica5,metaheuristics.generators,DistributionEstimationAlgorithm,129,374,13,27,28,71,20,24,9,15
practica5,metaheuristics.generators,MultiobjectiveStochasticHillClimbing,24,120,1,1,11,29,10,8,9,8
practica5,metaheuristics.generators,GeneratorType,0,99,0,0,0,5,0,1,0,1
practica5,metaheuristics.generators,RandomSearch,17,168,5,5,3,41,7,15,2,15
practica5,config.tspDynamic,TSPState,0,17,0,0,0,7,0,5,0,5
practica5,local_search.complement,StopExecute,0,12,0,2,0,4,0,3,0,2
practica5,local_search.complement,TabuSolutions,9,46,3,7,3,11,2,6,0,3
practica5,local_search.complement,UpdateParameter,21,49,2,6,5,10,3,3,1,1
practica5,local_search.complement,StrategyType,0,15,0,0,0,2,0,1,0,1
practica5,es.ull,App,0,7,0,0,0,3,0,2,0,2
practica5,local_search.candidate_type,CandidateValue,31,61,2,4,8,14,3,5,2,3
practica5,local_search.candidate_type,SearchCandidate,0,3,0,0,0,1,0,1,0,1
practica5,local_search.candidate_type,NotDominatedCandidate,0,66,0,8,0,18,0,6,0,2
practica5,local_search.candidate_type,SmallerCandidate,0,60,1,5,0,14,1,4,0,2
practica5,local_search.candidate_type,RandomCandidate,1,20,1,1,0,5,1,2,0,2
practica5,local_search.candidate_type,CandidateType,0,27,0,0,0,2,0,1,0,1
practica5,local_search.candidate_type,GreaterCandidate,7,67,2,6,2,15,2,4,0,2
practica5,factory_method,FactoryCrossover,0,21,0,0,0,4,0,2,0,2
practica5,factory_method,FactoryReplace,0,21,0,0,0,4,0,2,0,2
practica5,factory_method,FactoryGenerator,0,21,0,0,0,4,0,2,0,2
practica5,factory_method,FactoryLoader,3,13,0,0,1,3,1,1,1,1
practica5,factory_method,FactorySolutionMethod,0,21,0,0,0,4,0,2,0,2
practica5,factory_method,FactoryAcceptCandidate,0,21,0,0,0,4,0,2,0,2
practica5,factory_method,FactorySampling,0,21,0,0,0,4,0,2,0,2
practica5,factory_method,FactoryDistribution,0,21,0,0,0,4,0,2,0,2
practica5,factory_method,FactoryCandidate,0,21,0,0,0,4,0,2,0,2
practica5,factory_method,FactoryFatherSelection,0,21,0,0,0,4,0,2,0,2
practica5,factory_method,FactoryMutation,0,21,0,0,0,4,0,2,0,2
practica5,evolutionary_algorithms.complement,SelectionType,0,15,0,0,0,2,0,1,0,1
practica5,evolutionary_algorithms.complement,AIOMutation,5,189,3,15,2,35,3,11,0,5
practica5,evolutionary_algorithms.complement,Crossover,0,3,0,0,0,1,0,1,0,1
practica5,evolutionary_algorithms.complement,Mutation,0,3,0,0,0,1,0,1,0,1
practica5,evolutionary_algorithms.complement,UniformCrossover,0,76,1,7,0,16,1,6,0,3
practica5,evolutionary_algorithms.complement,Univariate,0,168,0,14,0,37,0,10,0,3
practica5,evolutionary_algorithms.complement,OnePointCrossover,0,93,0,10,0,19,0,7,0,2
practica5,evolutionary_algorithms.complement,TowPointsMutation,0,51,0,0,0,8,0,2,0,2
practica5,evolutionary_algorithms.complement,TruncationSelection,169,0,18,0,27,0,13,0,4,0
practica5,evolutionary_algorithms.complement,ReplaceType,0,15,0,0,0,2,0,1,0,1
practica5,evolutionary_algorithms.complement,MutationType,0,21,0,0,0,2,0,1,0,1
practica5,evolutionary_algorithms.complement,GenerationalReplace,0,13,0,0,0,4,0,2,0,2
practica5,evolutionary_algorithms.complement,SamplingType,0,9,0,0,0,2,0,1,0,1
practica5,evolutionary_algorithms.complement,OnePointMutation,22,12,1,1,3,4,1,2,0,2
practica5,evolutionary_algorithms.complement,Sampling,0,3,0,0,0,1,0,1,0,1
practica5,evolutionary_algorithms.complement,ProbabilisticSampling,28,198,6,24,5,42,5,13,0,3
practica5,evolutionary_algorithms.complement,Probability,0,24,0,0,0,10,0,7,0,7
practica5,evolutionary_algorithms.complement,SteadyStateReplace,2,228,4,24,1,39,4,14,0,4
practica5,evolutionary_algorithms.complement,Range,0,24,0,0,0,10,0,7,0,7
practica5,evolutionary_algorithms.complement,CrossoverType,0,15,0,0,0,2,0,1,0,1
practica5,evolutionary_algorithms.complement,Distribution,0,3,0,0,0,1,0,1,0,1
practica5,evolutionary_algorithms.complement,Replace,0,3,0,0,0,1,0,1,0,1
practica5,evolutionary_algorithms.complement,FatherSelection,0,3,0,0,0,1,0,1,0,1
practica5,evolutionary_algorithms.complement,DistributionType,0,9,0,0,0,2,0,1,0,1
practica5,evolutionary_algorithms.complement,RouletteSelection,2,152,3,13,1,28,3,7,0,2
practica5,local_search.acceptation_type,AcceptNotBad,0,67,0,8,0,12,0,6,0,2
practica5,local_search.acceptation_type,AcceptNotDominated,0,41,0,6,0,10,0,5,0,2
practica5,local_search.acceptation_type,AcceptAnyone,0,8,0,0,0,3,0,2,0,2
practica5,local_search.acceptation_type,AcceptMulticase,135,179,18,24,19,39,12,13,0,4
practica5,local_search.acceptation_type,AcceptNotBadU,0,72,0,6,0,14,0,5,0,2
practica5,local_search.acceptation_type,AcceptNotBadT,10,98,5,5,2,15,4,3,0,2
practica5,local_search.acceptation_type,AcceptType,0,51,0,0,0,2,0,1,0,1
practica5,local_search.acceptation_type,AcceptNotDominatedTabu,0,26,1,1,0,7,1,2,0,2
practica5,local_search.acceptation_type,AcceptableCandidate,0,3,0,0,0,1,0,1,0,1
practica5,local_search.acceptation_type,Dominance,4,201,5,39,2,38,5,20,0,3
practica5,local_search.acceptation_type,AcceptBest,21,37,3,3,3,8,2,3,0,2
