GROUP,PACKAGE,CLASS,INSTRUCTION_MISSED,INSTRUCTION_COVERED,BRANCH_MISSED,BRANCH_COVERED,LINE_MISSED,LINE_COVERED,COMPLEXITY_MISSED,COMPLEXITY_COVERED,METHOD_MISSED,METHOD_COVERED
practica5,problem.definition,Problem.ProblemType,0,15,0,0,0,1,0,1,0,1
practica5,problem.definition,Operator,0,3,0,0,0,1,0,1,0,1
practica5,problem.definition,Problem,46,99,5,5,11,27,10,14,5,14
practica5,problem.definition,ObjetiveFunction,0,17,0,0,0,7,0,5,0,5
practica5,problem.definition,Codification,0,3,0,0,0,1,0,1,0,1
practica5,problem.definition,State,37,186,5,21,7,41,5,23,0,15
practica5,problem_operators,MutationOperator,2,42,0,2,1,13,1,3,1,2
practica5,problem.extension,MultiObjetivoPuro,0,82,0,8,0,15,0,6,0,2
practica5,problem.extension,FactoresPonderados,0,158,0,8,0,21,0,6,0,2
practica5,problem.extension,TypeSolutionMethod,0,15,0,0,0,2,0,1,0,1
practica5,problem.extension,SolutionMethod,0,3,0,0,0,1,0,1,0,1
practica5,problem.extension,MetricasMultiobjetivo,0,372,2,42,0,83,2,28,0,8
practica5,metaheurictics.strategy,Strategy,705,484,67,35,138,91,46,35,7,23
practica5,metaheurictics.strategy,Strategy.new PrivilegedAction() {...},15,0,0,0,3,0,2,0,2,0
practica5,metaheuristics.generators,HillClimbingRestart,190,98,21,3,35,22,26,4,14,4
practica5,metaheuristics.generators,TabuSearch,205,88,29,3,48,20,30,4,14,4
practica5,metaheuristics.generators,LimitThreshold,92,96,6,4,25,21,17,6,12,6
practica5,metaheuristics.generators,InstanceGA,53,0,4,0,20,0,6,0,4,0
practica5,metaheuristics.generators,HillClimbing,127,110,18,4,24,24,21,8,10,8
practica5,metaheuristics.generators,LimitRoulette,0,24,0,0,0,10,0,7,0,7
practica5,metaheuristics.generators,InstanceDE,53,0,4,0,20,0,6,0,4,0
practica5,metaheuristics.generators,MultiobjectiveHillClimbingDistance,287,203,32,10,66,45,29,14,12,10
practica5,metaheuristics.generators,Generator,0,3,0,0,0,1,0,1,0,1
practica5,metaheuristics.generators,EvolutionStrategies,222,242,24,20,32,49,26,17,8,13
practica5,metaheuristics.generators,Particle,128,208,3,11,24,39,18,12,15,8
practica5,metaheuristics.generators,ParticleSwarmOptimization,471,301,46,28,80,66,44,30,15,22
practica5,metaheuristics.generators,InstanceEE,53,0,4,0,20,0,6,0,4,0
practica5,metaheuristics.generators,SimulatedAnnealing,27,198,5,5,8,48,11,16,6,16
practica5,metaheuristics.generators,MultiGenerator,295,419,40,32,74,88,43,26,17,16
practica5,metaheuristics.generators,GeneticAlgorithm,139,392,21,25,20,71,23,21,7,14
practica5,metaheuristics.generators,MultiCaseSimulatedAnnealing,182,49,10,0,45,14,24,3,19,3
practica5,metaheuristics.generators,MultiobjectiveTabuSearch,228,46,30,0,57,13,32,3,17,3
practica5,metaheuristics.generators,MultiobjectiveHillClimbingRestart,278,50,26,0,65,13,31,1,18,1
practica5,metaheuristics.generators,DistributionEstimationAlgorithm,116,387,12,28,27,72,19,25,9,15
practica5,metaheuristics.generators,MultiobjectiveStochasticHillClimbing,99,45,2,0,28,12,17,1,16,1
practica5,metaheuristics.generators,GeneratorType,0,99,0,0,0,5,0,1,0,1
practica5,metaheuristics.generators,RandomSearch,39,146,5,5,8,36,7,15,3,14
practica5,config.tspDynamic,TSPState,0,17,0,0,0,7,0,5,0,5
practica5,local_search.complement,StopExecute,0,12,0,2,0,4,0,3,0,2
practica5,local_search.complement,TabuSolutions,9,46,3,7,3,11,2,6,0,3
practica5,local_search.complement,UpdateParameter,40,30,4,4,9,6,5,1,1,1
practica5,local_search.complement,StrategyType,0,15,0,0,0,2,0,1,0,1
practica5,es.ull,App,4,3,0,0,2,1,1,1,1,1
practica5,local_search.candidate_type,CandidateValue,37,55,3,3,10,12,4,4,2,3
practica5,local_search.candidate_type,SearchCandidate,0,3,0,0,0,1,0,1,0,1
practica5,local_search.candidate_type,NotDominatedCandidate,66,0,8,0,18,0,6,0,2,0
practica5,local_search.candidate_type,SmallerCandidate,5,55,1,5,1,13,1,4,0,2
practica5,local_search.candidate_type,RandomCandidate,0,21,0,2,0,5,0,3,0,2
practica5,local_search.candidate_type,CandidateType,0,27,0,0,0,2,0,1,0,1
practica5,local_search.candidate_type,GreaterCandidate,5,71,1,7,1,16,1,5,0,2
practica5,factory_method,FactoryCrossover,0,21,0,0,0,4,0,2,0,2
practica5,factory_method,FactoryReplace,0,21,0,0,0,4,0,2,0,2
practica5,factory_method,FactoryGenerator,0,21,0,0,0,4,0,2,0,2
practica5,factory_method,FactoryLoader,3,13,0,0,1,3,1,1,1,1
practica5,factory_method,FactorySolutionMethod,0,21,0,0,0,4,0,2,0,2
practica5,factory_method,FactoryAcceptCandidate,0,21,0,0,0,4,0,2,0,2
practica5,factory_method,FactorySampling,0,21,0,0,0,4,0,2,0,2
practica5,factory_method,FactoryDistribution,0,21,0,0,0,4,0,2,0,2
practica5,factory_method,FactoryCandidate,0,21,0,0,0,4,0,2,0,2
practica5,factory_method,FactoryFatherSelection,0,21,0,0,0,4,0,2,0,2
practica5,factory_method,FactoryMutation,0,21,0,0,0,4,0,2,0,2
practica5,evolutionary_algorithms.complement,SelectionType,0,15,0,0,0,2,0,1,0,1
practica5,evolutionary_algorithms.complement,AIOMutation,194,0,18,0,37,0,14,0,5,0
practica5,evolutionary_algorithms.complement,Crossover,0,3,0,0,0,1,0,1,0,1
practica5,evolutionary_algorithms.complement,Mutation,0,3,0,0,0,1,0,1,0,1
practica5,evolutionary_algorithms.complement,UniformCrossover,0,76,1,7,0,16,1,6,0,3
practica5,evolutionary_algorithms.complement,Univariate,165,3,14,0,36,1,9,1,2,1
practica5,evolutionary_algorithms.complement,OnePointCrossover,0,94,0,10,0,19,0,7,0,2
practica5,evolutionary_algorithms.complement,TowPointsMutation,51,0,0,0,8,0,2,0,2,0
practica5,evolutionary_algorithms.complement,TruncationSelection,131,38,15,3,17,10,10,3,1,3
practica5,evolutionary_algorithms.complement,ReplaceType,0,15,0,0,0,2,0,1,0,1
practica5,evolutionary_algorithms.complement,MutationType,0,21,0,0,0,2,0,1,0,1
practica5,evolutionary_algorithms.complement,GenerationalReplace,0,13,0,0,0,4,0,2,0,2
practica5,evolutionary_algorithms.complement,SamplingType,0,9,0,0,0,2,0,1,0,1
practica5,evolutionary_algorithms.complement,OnePointMutation,0,35,0,2,0,7,0,3,0,2
practica5,evolutionary_algorithms.complement,Sampling,0,3,0,0,0,1,0,1,0,1
practica5,evolutionary_algorithms.complement,ProbabilisticSampling,26,200,5,25,4,43,4,14,0,3
practica5,evolutionary_algorithms.complement,Probability,0,24,0,0,0,10,0,7,0,7
practica5,evolutionary_algorithms.complement,SteadyStateReplace,2,228,4,24,1,39,4,14,0,4
practica5,evolutionary_algorithms.complement,Range,0,24,0,0,0,10,0,7,0,7
practica5,evolutionary_algorithms.complement,CrossoverType,0,15,0,0,0,2,0,1,0,1
practica5,evolutionary_algorithms.complement,Distribution,0,3,0,0,0,1,0,1,0,1
practica5,evolutionary_algorithms.complement,Replace,0,3,0,0,0,1,0,1,0,1
practica5,evolutionary_algorithms.complement,FatherSelection,0,3,0,0,0,1,0,1,0,1
practica5,evolutionary_algorithms.complement,DistributionType,0,9,0,0,0,2,0,1,0,1
practica5,evolutionary_algorithms.complement,RouletteSelection,2,153,3,13,1,28,3,7,0,2
practica5,local_search.acceptation_type,AcceptNotBad,67,0,8,0,12,0,6,0,2,0
practica5,local_search.acceptation_type,AcceptNotDominated,38,3,6,0,9,1,4,1,1,1
practica5,local_search.acceptation_type,AcceptAnyone,8,0,0,0,3,0,2,0,2,0
practica5,local_search.acceptation_type,AcceptMulticase,266,48,39,3,45,13,23,2,2,2
practica5,local_search.acceptation_type,AcceptNotBadU,72,0,6,0,14,0,5,0,2,0
practica5,local_search.acceptation_type,AcceptNotBadT,50,56,8,2,6,11,5,2,0,2
practica5,local_search.acceptation_type,AcceptType,0,51,0,0,0,2,0,1,0,1
practica5,local_search.acceptation_type,AcceptNotDominatedTabu,26,0,2,0,7,0,3,0,2,0
practica5,local_search.acceptation_type,AcceptableCandidate,0,3,0,0,0,1,0,1,0,1
practica5,local_search.acceptation_type,Dominance,38,167,18,26,10,30,15,10,0,3
practica5,local_search.acceptation_type,AcceptBest,45,13,5,1,7,4,3,2,0,2
