<?xml version="1.0" encoding="UTF-8"?>
<testsuite xmlns:xsi="http://www.w3.org/2001/XMLSchema-instance" xsi:noNamespaceSchemaLocation="https://maven.apache.org/surefire/maven-surefire-plugin/xsd/surefire-test-report.xsd" name="metaheuristics.generators.RandomSearchTest" time="0.018" tests="6" errors="0" skipped="0" failures="0">
  <properties>
[...]
</properties>
  <testcase name="testGetReferenceListAddsReference" classname="metaheuristics.generators.RandomSearchTest" time="0"/>
  <testcase name="testGetListCountArraysAreCopies" classname="metaheuristics.generators.RandomSearchTest" time="0"/>
  <testcase name="testSetAndGetTypeGenerator" classname="metaheuristics.generators.RandomSearchTest" time="0.002"/>
  <testcase name="testGetTraceContainsWeightAtZero" classname="metaheuristics.generators.RandomSearchTest" time="0.005"/>
  <testcase name="testDefaultWeightAndSetWeight" classname="metaheuristics.generators.RandomSearchTest" time="0.003"/>
  <testcase name="testDefaultTypeGenerator" classname="metaheuristics.generators.RandomSearchTest" time="0.004"/>
</testsuite>